<?xml version="1.0" encoding="UTF-8"?>
<!-- Generated by org.testng.reporters.JUnitReportReporter -->
<testsuite hostname="Apples-MBP" failures="0" tests="4" name="A2.test4" time="0.005" errors="0" timestamp="2021-02-17T23:02:26 IST" skipped="0">
  <testcase classname="A2.test4" name="WebLoginCarLoan" time="0.001"/>
  <testcase classname="A2.test4" name="LoginAPICarLoan" time="0.002"/>
  <testcase classname="A2.test4" name="MobileLoginCarLoan" time="0.001"/>
  <testcase classname="A2.test4" name="WebLoginCarLoan" time="0.001"/>
</testsuite> <!-- A2.test4 -->
