<?xml version="1.0" encoding="UTF-8"?>
<!-- Generated by org.testng.reporters.JUnitReportReporter -->
<testsuite hostname="Apples-MBP" failures="0" tests="2" name="A2.test2" time="0.005" errors="0" timestamp="2021-02-17T23:02:26 IST" skipped="0">
  <testcase classname="A2.test2" name="Demo" time="0.004"/>
  <testcase classname="A2.test2" name="SecondTest" time="0.001"/>
</testsuite> <!-- A2.test2 -->
