<?xml version="1.0" encoding="UTF-8"?>
<!-- Generated by org.testng.reporters.JUnitReportReporter -->
<testsuite hostname="Apples-MBP" failures="0" tests="3" name="A2.test6" time="0.003" errors="0" timestamp="2021-02-17T23:02:26 IST" skipped="0">
  <testcase classname="A2.test6" name="MobileHomeLoan" time="0.001"/>
  <testcase classname="A2.test6" name="WebHomeLoan" time="0.001"/>
  <testcase classname="A2.test6" name="LoginAPIHomeLoan" time="0.001"/>
</testsuite> <!-- A2.test6 -->
