<?xml version="1.0" encoding="UTF-8"?>
<!-- Generated by org.testng.reporters.JUnitReportReporter -->
<testsuite hostname="Apples-MBP" failures="0" tests="1" name="A2.test3" time="0.001" errors="0" timestamp="2021-02-17T23:02:26 IST" skipped="0">
  <testcase classname="A2.test3" name="pLoan" time="0.001"/>
</testsuite> <!-- A2.test3 -->
