<?xml version="1.0" encoding="UTF-8"?>
<!-- Generated by org.testng.reporters.JUnitReportReporter -->
<testsuite hostname="Apples-MBP" failures="0" tests="1" name="test1.testclass1" time="0.005" errors="0" timestamp="2021-02-09T17:09:35 IST" skipped="0">
  <testcase classname="test1.testclass1" name="tcs" time="0.005"/>
</testsuite> <!-- test1.testclass1 -->
