<?xml version="1.0" encoding="UTF-8"?>
<!-- Generated by org.testng.reporters.JUnitReportReporter -->
<testsuite hostname="Apples-MacBook-Pro.local" failures="0" tests="5" name="introduction.Testcase3" time="0.012" errors="0" timestamp="2020-02-18T15:17:38 IST" skipped="1">
  <testcase classname="introduction.Testcase3" name="WebLoginCarLoan" time="0.003"/>
  <testcase classname="introduction.Testcase3" name="LoginApiCarLoan" time="0.001"/>
  <testcase classname="introduction.Testcase3" name="WebLoginCarLoan" time="0.007"/>
  <testcase classname="introduction.Testcase3" name="WebLoginCarLoan" time="0.001"/>
  <testcase classname="introduction.Testcase3" name="MobileLoginCarLoan">
    <skipped/>
  </testcase> <!-- MobileLoginCarLoan -->
</testsuite> <!-- introduction.Testcase3 -->
