<?xml version="1.0" encoding="UTF-8"?>
<!-- Generated by org.testng.reporters.JUnitReportReporter -->
<testsuite hostname="Apples-MacBook-Pro.local" failures="0" tests="3" name="introduction.Testcase4" time="0.007" errors="0" timestamp="2020-01-22T13:45:59 IST" skipped="0">
  <testcase classname="introduction.Testcase4" name="LoginApihomeLoan" time="0.003"/>
  <testcase classname="introduction.Testcase4" name="WebLoginHomeLoan" time="0.002"/>
  <testcase classname="introduction.Testcase4" name="MobileLoginhomeLoan" time="0.002"/>
</testsuite> <!-- introduction.Testcase4 -->
