<?xml version="1.0" encoding="UTF-8"?>
<!-- Generated by org.testng.reporters.JUnitReportReporter -->
<testsuite hostname="Apples-MacBook-Pro.local" failures="0" tests="1" name="introduction.testcase" time="0.007" errors="0" timestamp="2020-01-22T13:45:59 IST" skipped="0">
  <testcase classname="introduction.testcase" name="Demo" time="0.007"/>
</testsuite> <!-- introduction.testcase -->
